#
# A fatal error has been detected by the Java Runtime Environment:
#
#  SIGSEGV (0xb) at pc=0x000000010c904d66, pid=7734, tid=0x0000000000002b03
#
# JRE version: Java(TM) SE Runtime Environment (8.0_181-b13) (build 1.8.0_181-b13)
# Java VM: Java HotSpot(TM) 64-Bit Server VM (25.181-b13 mixed mode bsd-amd64 compressed oops)
# Problematic frame:
# V  [libjvm.dylib+0x504d66]
#
# Failed to write core dump. Core dumps have been disabled. To enable core dumping, try "ulimit -c unlimited" before starting Java again
#
# If you would like to submit a bug report, please visit:
#   http://bugreport.java.com/bugreport/crash.jsp
#

---------------  T H R E A D  ---------------

Current thread (0x00007f8025024000):  VMThread [stack: 0x000070001028e000,0x000070001038e000] [id=11011]

siginfo: si_signo: 11 (SIGSEGV), si_code: 1 (SEGV_MAPERR), si_addr: 0x0000000000000008

Registers:
RAX=0x0000000000000000, RBX=0x000070001038d168, RCX=0x0000000000000000, RDX=0x0000000000000000
RSP=0x000070001038d000, RBP=0x000070001038d110, RSI=0x0000000000000028, RDI=0x000070001038d168
R8 =0x000000000000002f, R9 =0x000000008a000000, R10=0x00000000ffffffe3, R11=0xffffffffffffffd0
R12=0x000070001038d168, R13=0x0000000121b0b018, R14=0x0000000000000000, R15=0x000070001038d798
RIP=0x000000010c904d66, EFLAGS=0x0000000000010206, ERR=0x0000000000000004
  TRAPNO=0x000000000000000e

Top of Stack: (sp=0x000070001038d000)
0x000070001038d000:   000000010e566690 0000000000000000
0x000070001038d010:   000070000fe7ea70 000070000fe7ea08
0x000070001038d020:   0000000000000000 0000000000000000
0x000070001038d030:   0000000000000063 00007f8024d876e0
0x000070001038d040:   00007f8024d87750 00007f8024d877c0
0x000070001038d050:   00007f8024d87820 00007f8024d87880
0x000070001038d060:   00007f8024d87900 00007f8024d879b0
0x000070001038d070:   000070000fe7d828 000070000fe7d828
0x000070001038d080:   0000000000000000 0000000000000000
0x000070001038d090:   0000000000000000 0000000000000000
0x000070001038d0a0:   0000000000000000 0000000000000000
0x000070001038d0b0:   0000000000000000 000000000000000d
0x000070001038d0c0:   00007f80263590e0 0000000000000020
0x000070001038d0d0:   0000700010e317c0 00007f8024d87b40
0x000070001038d0e0:   000070001038d110 000000010c904b2b
0x000070001038d0f0:   00007f8024d87d60 000070001038d168
0x000070001038d100:   000070001038d130 000070001038d168
0x000070001038d110:   000070001038d150 000000010c904e66
0x000070001038d120:   0000000000000001 000000000000002f
0x000070001038d130:   000070001038d168 0000000121b0b018
0x000070001038d140:   0000000000000000 000070001038d798
0x000070001038d150:   000070001038d5d0 000000010c688b69
0x000070001038d160:   0000000000000000 000000010cc2a1c0
0x000070001038d170:   0000000000000000 0000000000000000
0x000070001038d180:   00007f800000000e 000070001038d5a0
0x000070001038d190:   0000000000000000 4fffffff4fffffff
0x000070001038d1a0:   0000000000000011 0000000000000000
0x000070001038d1b0:   0000000000000000 000000010ccbfb30
0x000070001038d1c0:   000000000001003b 0000000000000023
0x000070001038d1d0:   00007f8024d87b90 00000000000000a4
0x000070001038d1e0:   00007f802568f770 00007f8024d87bc0
0x000070001038d1f0:   0000000300000011 000000010ccbd4b0 

Instructions: (pc=0x000000010c904d66)
0x000000010c904d46:   df 48 83 c4 08 5b 5d e9 7c ff ff ff 55 48 89 e5
0x000000010c904d56:   53 48 81 ec 08 01 00 00 48 63 47 10 48 8b 4f 08
0x000000010c904d66:   40 38 74 01 08 48 89 fb 74 39 40 0f be d6 48 8d
0x000000010c904d76:   bd f0 fe ff ff 48 8d 35 4f 7a 11 00 30 c0 e8 1f 

Register to memory mapping:

RAX=0x0000000000000000 is an unknown value
RBX=0x000070001038d168 is an unknown value
RCX=0x0000000000000000 is an unknown value
RDX=0x0000000000000000 is an unknown value
RSP=0x000070001038d000 is an unknown value
RBP=0x000070001038d110 is an unknown value
RSI=0x0000000000000028 is an unknown value
RDI=0x000070001038d168 is an unknown value
R8 =0x000000000000002f is an unknown value
R9 =0x000000008a000000 is an unknown value
R10=0x00000000ffffffe3 is an unknown value
R11=0xffffffffffffffd0 is an unknown value
R12=0x000070001038d168 is an unknown value
R13={method} {0x0000000121b0b018} 'readUsuarioTest' '()V' in 'persistencia/PersistenciaTest'
R14=0x0000000000000000 is an unknown value
R15=0x000070001038d798 is an unknown value


Stack: [0x000070001028e000,0x000070001038e000],  sp=0x000070001038d000,  free space=1020k
Native frames: (J=compiled Java code, j=interpreted, Vv=VM code, C=native code)
V  [libjvm.dylib+0x504d66]
V  [libjvm.dylib+0x504e66]
V  [libjvm.dylib+0x288b69]
V  [libjvm.dylib+0x28a7ec]
V  [libjvm.dylib+0x28aa3b]
V  [libjvm.dylib+0x28afd2]
V  [libjvm.dylib+0x28b3eb]
V  [libjvm.dylib+0x485331]
V  [libjvm.dylib+0x48553a]
V  [libjvm.dylib+0x48571b]
V  [libjvm.dylib+0x4859d2]
V  [libjvm.dylib+0x2c2b04]
V  [libjvm.dylib+0x45306d]
V  [libjvm.dylib+0x39afbf]
V  [libjvm.dylib+0x5bd499]
V  [libjvm.dylib+0x5bba31]
V  [libjvm.dylib+0x5bbe7e]
V  [libjvm.dylib+0x5bb79d]
V  [libjvm.dylib+0x48e342]
C  [libsystem_pthread.dylib+0x6109]  _pthread_start+0x94
C  [libsystem_pthread.dylib+0x1b8b]  thread_start+0xf

VM_Operation (0x0000700010922a18): GetOrSetLocal, mode: safepoint, requested by thread 0x00007f8025822800


---------------  P R O C E S S  ---------------

Java Threads: ( => current thread )
  0x00007f80248f9800 JavaThread "Service Thread" daemon [_thread_blocked, id=14083, stack(0x0000700010e35000,0x0000700010f35000)]
  0x00007f8024900800 JavaThread "C1 CompilerThread2" daemon [_thread_blocked, id=16387, stack(0x0000700010d32000,0x0000700010e32000)]
  0x00007f80248ff800 JavaThread "C2 CompilerThread1" daemon [_thread_blocked, id=16643, stack(0x0000700010c2f000,0x0000700010d2f000)]
  0x00007f80258bf000 JavaThread "C2 CompilerThread0" daemon [_thread_blocked, id=17155, stack(0x0000700010b2c000,0x0000700010c2c000)]
  0x00007f8025043000 JavaThread "JDWP Command Reader" daemon [_thread_in_native, id=17667, stack(0x0000700010a29000,0x0000700010b29000)]
  0x00007f802582a800 JavaThread "JDWP Event Helper Thread" daemon [_thread_blocked, id=17923, stack(0x0000700010926000,0x0000700010a26000)]
  0x00007f8025822800 JavaThread "JDWP Transport Listener: dt_socket" daemon [_thread_blocked, id=18439, stack(0x0000700010823000,0x0000700010923000)]
  0x00007f802504e000 JavaThread "Signal Dispatcher" daemon [_thread_blocked, id=13315, stack(0x0000700010720000,0x0000700010820000)]
  0x00007f8024811000 JavaThread "Finalizer" daemon [_thread_blocked, id=11779, stack(0x0000700010494000,0x0000700010594000)]
  0x00007f8025028800 JavaThread "Reference Handler" daemon [_thread_blocked, id=21251, stack(0x0000700010391000,0x0000700010491000)]
  0x00007f8026009000 JavaThread "main" [_thread_blocked, id=3843, stack(0x000070000fd7f000,0x000070000fe7f000)]

Other Threads:
=>0x00007f8025024000 VMThread [stack: 0x000070001028e000,0x000070001038e000] [id=11011]
  0x00007f80260f2800 WatcherThread [stack: 0x0000700010f38000,0x0000700011038000] [id=15619]

VM state:at safepoint (normal execution)

VM Mutex/Monitor currently owned by a thread:  ([mutex/lock_event])
[0x00007f8024410630] Threads_lock - owner thread: 0x00007f8025024000

Heap:
 PSYoungGen      total 38400K, used 19337K [0x0000000795580000, 0x0000000798000000, 0x00000007c0000000)
  eden space 33280K, 48% used [0x0000000795580000,0x0000000796525288,0x0000000797600000)
  from space 5120K, 64% used [0x0000000797600000,0x000000079793d3e8,0x0000000797b00000)
  to   space 5120K, 0% used [0x0000000797b00000,0x0000000797b00000,0x0000000798000000)
 ParOldGen       total 87552K, used 16K [0x0000000740000000, 0x0000000745580000, 0x0000000795580000)
  object space 87552K, 0% used [0x0000000740000000,0x0000000740004000,0x0000000745580000)
 Metaspace       used 12822K, capacity 13794K, committed 14208K, reserved 1060864K
  class space    used 1587K, capacity 1809K, committed 1920K, reserved 1048576K

Card table byte_map: [0x000000010d774000,0x000000010db75000] byte_map_base: 0x0000000109d74000

Marking Bits: (ParMarkBitMap*) 0x000000010ccf9cd0
 Begin Bits: [0x000000011d566000, 0x000000011f566000)
 End Bits:   [0x000000011f566000, 0x0000000121566000)

Polling page: 0x000000010bad8000

CodeCache: size=245760Kb used=5046Kb max_used=5132Kb free=240713Kb
 bounds [0x000000010e566000, 0x000000010ea76000, 0x000000011d566000]
 total_blobs=1578 nmethods=1247 adapters=252
 compilation: enabled

Compilation events (10 events):
Event: 293.442 Thread 0x00007f8024900800 1243       3       org.eclipse.jdt.launching.internal.org.objectweb.asm.ClassWriter::visitField (53 bytes)
Event: 293.442 Thread 0x00007f8024900800 nmethod 1243 0x000000010ea27890 code [0x000000010ea27a00, 0x000000010ea27d28]
Event: 293.442 Thread 0x00007f8024900800 1244       3       org.eclipse.jdt.launching.internal.org.objectweb.asm.FieldWriter::<init> (69 bytes)
Event: 293.443 Thread 0x00007f8024900800 nmethod 1244 0x000000010ea26ed0 code [0x000000010ea27080, 0x000000010ea27648]
Event: 293.443 Thread 0x00007f8024900800 1245       3       org.eclipse.jdt.launching.internal.org.objectweb.asm.FieldVisitor::<init> (7 bytes)
Event: 293.443 Thread 0x00007f8024900800 nmethod 1245 0x000000010ea26b10 code [0x000000010ea26c80, 0x000000010ea26e28]
Event: 293.443 Thread 0x00007f8024900800 1246       3       org.eclipse.jdt.launching.internal.org.objectweb.asm.FieldVisitor::<init> (47 bytes)
Event: 293.444 Thread 0x00007f8024900800 nmethod 1246 0x000000010ea264d0 code [0x000000010ea26660, 0x000000010ea269e8]
Event: 293.444 Thread 0x00007f8024900800 1247       3       org.eclipse.jdt.launching.internal.org.objectweb.asm.FieldWriter::visitEnd (1 bytes)
Event: 293.444 Thread 0x00007f8024900800 nmethod 1247 0x000000010ea26190 code [0x000000010ea262e0, 0x000000010ea26430]

GC Heap History (2 events):
Event: 1.398 GC heap before
{Heap before GC invocations=1 (full 0):
 PSYoungGen      total 38400K, used 33280K [0x0000000795580000, 0x0000000798000000, 0x00000007c0000000)
  eden space 33280K, 100% used [0x0000000795580000,0x0000000797600000,0x0000000797600000)
  from space 5120K, 0% used [0x0000000797b00000,0x0000000797b00000,0x0000000798000000)
  to   space 5120K, 0% used [0x0000000797600000,0x0000000797600000,0x0000000797b00000)
 ParOldGen       total 87552K, used 0K [0x0000000740000000, 0x0000000745580000, 0x0000000795580000)
  object space 87552K, 0% used [0x0000000740000000,0x0000000740000000,0x0000000745580000)
 Metaspace       used 9258K, capacity 9948K, committed 9984K, reserved 1058816K
  class space    used 1102K, capacity 1276K, committed 1280K, reserved 1048576K
Event: 1.404 GC heap after
Heap after GC invocations=1 (full 0):
 PSYoungGen      total 38400K, used 3316K [0x0000000795580000, 0x0000000798000000, 0x00000007c0000000)
  eden space 33280K, 0% used [0x0000000795580000,0x0000000795580000,0x0000000797600000)
  from space 5120K, 64% used [0x0000000797600000,0x000000079793d3e8,0x0000000797b00000)
  to   space 5120K, 0% used [0x0000000797b00000,0x0000000797b00000,0x0000000798000000)
 ParOldGen       total 87552K, used 16K [0x0000000740000000, 0x0000000745580000, 0x0000000795580000)
  object space 87552K, 0% used [0x0000000740000000,0x0000000740004000,0x0000000745580000)
 Metaspace       used 9258K, capacity 9948K, committed 9984K, reserved 1058816K
  class space    used 1102K, capacity 1276K, committed 1280K, reserved 1048576K
}

Deoptimization events (6 events):
Event: 0.938 Thread 0x00007f8026009000 Uncommon trap: reason=unstable_if action=reinterpret pc=0x000000010e778b40 method=java.lang.String.replace(CC)Ljava/lang/String; @ 26
Event: 0.981 Thread 0x00007f8026009000 Uncommon trap: reason=unstable_if action=reinterpret pc=0x000000010e70a9b4 method=org.eclipse.jdt.launching.internal.org.objectweb.asm.ClassReader.readUTF(II[C)Ljava/lang/String; @ 41
Event: 0.981 Thread 0x00007f8026009000 Uncommon trap: reason=unstable_if action=reinterpret pc=0x000000010e7bdef8 method=org.eclipse.jdt.launching.internal.org.objectweb.asm.ByteVector.putUTF8(Ljava/lang/String;)Lorg/eclipse/jdt/launching/internal/org/objectweb/asm/ByteVector; @ 98
Event: 0.981 Thread 0x00007f8026009000 Uncommon trap: reason=unstable_if action=reinterpret pc=0x000000010e700414 method=org.eclipse.jdt.launching.internal.org.objectweb.asm.ByteVector.putUTF8(Ljava/lang/String;)Lorg/eclipse/jdt/launching/internal/org/objectweb/asm/ByteVector; @ 98
Event: 1.433 Thread 0x00007f8026009000 Uncommon trap: reason=unstable_if action=reinterpret pc=0x000000010e86ef30 method=org.eclipse.jdt.launching.internal.org.objectweb.asm.ByteVector.putInt(I)Lorg/eclipse/jdt/launching/internal/org/objectweb/asm/ByteVector; @ 13
Event: 1.552 Thread 0x00007f8026009000 Uncommon trap: reason=unstable_if action=reinterpret pc=0x000000010e67b320 method=java.lang.CharacterData.of(I)Ljava/lang/CharacterData; @ 4

Classes redefined (3 events):
Event: 78.506 Thread 0x00007f8025024000 redefined class name=persistencia.PersistenciaTest, count=1
Event: 293.452 Thread 0x00007f8025024000 redefined class name=persistencia.PersistenciaTest, count=2
Event: 322.040 Thread 0x00007f8025024000 redefined class name=persistencia.PersistenciaTest, count=3

Internal exceptions (10 events):
Event: 1.697 Thread 0x00007f8026009000 Exception <a 'java/lang/ClassNotFoundException': com/sun/org/glassfish/hk2/osgiresourcelocator/ServiceLoader> (0x00000007960ac090) thrown at [/Users/java_re/workspace/8-2-build-macosx-x86_64/jdk8u181/11358/hotspot/src/share/vm/classfile/systemDictionary.c
Event: 1.703 Thread 0x00007f8026009000 Exception <a 'java/lang/ClassNotFoundException': com/sun/org/glassfish/hk2/osgiresourcelocator/ServiceLoader> (0x00000007960d04a0) thrown at [/Users/java_re/workspace/8-2-build-macosx-x86_64/jdk8u181/11358/hotspot/src/share/vm/classfile/systemDictionary.c
Event: 1.707 Thread 0x00007f8026009000 Exception <a 'java/lang/ClassNotFoundException': com/sun/org/glassfish/hk2/osgiresourcelocator/ServiceLoader> (0x00000007960f5058) thrown at [/Users/java_re/workspace/8-2-build-macosx-x86_64/jdk8u181/11358/hotspot/src/share/vm/classfile/systemDictionary.c
Event: 1.773 Thread 0x00007f8026009000 Exception <a 'java/io/FileNotFoundException'> (0x0000000796202de8) thrown at [/Users/java_re/workspace/8-2-build-macosx-x86_64/jdk8u181/11358/hotspot/src/share/vm/prims/jni.cpp, line 709]
Event: 1.805 Thread 0x00007f8026009000 Exception <a 'java/lang/ClassNotFoundException': com/sun/org/glassfish/hk2/osgiresourcelocator/ServiceLoader> (0x0000000796232658) thrown at [/Users/java_re/workspace/8-2-build-macosx-x86_64/jdk8u181/11358/hotspot/src/share/vm/classfile/systemDictionary.c
Event: 1.811 Thread 0x00007f8026009000 Exception <a 'java/io/FileNotFoundException'> (0x000000079625dd68) thrown at [/Users/java_re/workspace/8-2-build-macosx-x86_64/jdk8u181/11358/hotspot/src/share/vm/prims/jni.cpp, line 709]
Event: 1.814 Thread 0x00007f8026009000 Exception <a 'java/lang/ClassNotFoundException': com/sun/org/glassfish/hk2/osgiresourcelocator/ServiceLoader> (0x0000000796289de0) thrown at [/Users/java_re/workspace/8-2-build-macosx-x86_64/jdk8u181/11358/hotspot/src/share/vm/classfile/systemDictionary.c
Event: 1.818 Thread 0x00007f8026009000 Exception <a 'java/io/FileNotFoundException'> (0x00000007962b5528) thrown at [/Users/java_re/workspace/8-2-build-macosx-x86_64/jdk8u181/11358/hotspot/src/share/vm/prims/jni.cpp, line 709]
Event: 1.832 Thread 0x00007f8026009000 Exception <a 'java/lang/reflect/InvocationTargetException'> (0x0000000796320a28) thrown at [/Users/java_re/workspace/8-2-build-macosx-x86_64/jdk8u181/11358/hotspot/src/share/vm/runtime/reflection.cpp, line 1092]
Event: 1.884 Thread 0x00007f8026009000 Exception <a 'java/lang/ClassNotFoundException': com/sun/org/glassfish/hk2/osgiresourcelocator/ServiceLoader> (0x00000007963c13c0) thrown at [/Users/java_re/workspace/8-2-build-macosx-x86_64/jdk8u181/11358/hotspot/src/share/vm/classfile/systemDictionary.c

Events (10 events):
Event: 322.042 Executing VM operation: RedefineClasses done
Event: 322.052 Executing VM operation: ChangeBreakpoints
Event: 322.052 Executing VM operation: ChangeBreakpoints done
Event: 322.060 Executing VM operation: EnterInterpOnlyMode
Event: 322.061 Executing VM operation: EnterInterpOnlyMode done
Event: 322.061 Executing VM operation: GetCurrentLocation
Event: 322.061 Executing VM operation: GetCurrentLocation done
Event: 322.061 Executing VM operation: ChangeSingleStep
Event: 322.061 Executing VM operation: ChangeSingleStep done
Event: 322.062 Executing VM operation: GetOrSetLocal


Dynamic libraries:
0x00007fff2dd4c000 	/System/Library/Frameworks/Cocoa.framework/Versions/A/Cocoa
0x00007fff3b534000 	/System/Library/Frameworks/Security.framework/Versions/A/Security
0x00007fff2ccb3000 	/System/Library/Frameworks/ApplicationServices.framework/Versions/A/ApplicationServices
0x00007fff6818c000 	/usr/lib/libz.1.dylib
0x00007fff65c50000 	/usr/lib/libSystem.B.dylib
0x00007fff67ab0000 	/usr/lib/libobjc.A.dylib
0x00007fff2ebec000 	/System/Library/Frameworks/CoreFoundation.framework/Versions/A/CoreFoundation
0x00007fff312a6000 	/System/Library/Frameworks/Foundation.framework/Versions/C/Foundation
0x00007fff2bea3000 	/System/Library/Frameworks/AppKit.framework/Versions/C/AppKit
0x00007fff2e6d0000 	/System/Library/Frameworks/CoreData.framework/Versions/A/CoreData
0x00007fff5fc6b000 	/System/Library/PrivateFrameworks/UIFoundation.framework/Versions/A/UIFoundation
0x00007fff5ad0f000 	/System/Library/PrivateFrameworks/RemoteViewServices.framework/Versions/A/RemoteViewServices
0x00007fff627c0000 	/System/Library/PrivateFrameworks/XCTTargetBootstrap.framework/Versions/A/XCTTargetBootstrap
0x00007fff2eabb000 	/System/Library/Frameworks/CoreDisplay.framework/Versions/A/CoreDisplay
0x00007fff34161000 	/System/Library/Frameworks/Metal.framework/Versions/A/Metal
0x00007fff48d1b000 	/System/Library/PrivateFrameworks/DesktopServicesPriv.framework/Versions/A/DesktopServicesPriv
0x00007fff66d8b000 	/usr/lib/liblangid.dylib
0x00007fff47fb3000 	/System/Library/PrivateFrameworks/CoreSVG.framework/Versions/A/CoreSVG
0x00007fff5de68000 	/System/Library/PrivateFrameworks/SkyLight.framework/Versions/A/SkyLight
0x00007fff2f06d000 	/System/Library/Frameworks/CoreGraphics.framework/Versions/A/CoreGraphics
0x00007fff2a877000 	/System/Library/Frameworks/Accelerate.framework/Versions/A/Accelerate
0x00007fff6807d000 	/usr/lib/libxml2.2.dylib
0x00007fff53ca8000 	/System/Library/PrivateFrameworks/IconServices.framework/Versions/A/IconServices
0x00007fff31a85000 	/System/Library/Frameworks/IOSurface.framework/Versions/A/IOSurface
0x00007fff6577a000 	/usr/lib/libDiagnosticMessagesClient.dylib
0x00007fff48b75000 	/System/Library/PrivateFrameworks/DFRFoundation.framework/Versions/A/DFRFoundation
0x00007fff66b1a000 	/usr/lib/libicucore.A.dylib
0x00007fff2cfe5000 	/System/Library/Frameworks/AudioToolbox.framework/Versions/A/AudioToolbox
0x00007fff2d0c8000 	/System/Library/Frameworks/AudioUnit.framework/Versions/A/AudioUnit
0x00007fff65e52000 	/usr/lib/libauto.dylib
0x00007fff48c17000 	/System/Library/PrivateFrameworks/DataDetectorsCore.framework/Versions/A/DataDetectorsCore
0x00007fff2d86d000 	/System/Library/Frameworks/Carbon.framework/Versions/A/Frameworks/HIToolbox.framework/Versions/A/HIToolbox
0x00007fff3a731000 	/System/Library/Frameworks/QuartzCore.framework/Versions/A/QuartzCore
0x00007fff2dbac000 	/System/Library/Frameworks/Carbon.framework/Versions/A/Frameworks/SpeechRecognition.framework/Versions/A/SpeechRecognition
0x00007fff4868c000 	/System/Library/PrivateFrameworks/CoreUI.framework/Versions/A/CoreUI
0x00007fff2e13b000 	/System/Library/Frameworks/CoreAudio.framework/Versions/A/CoreAudio
0x00007fff30f67000 	/System/Library/Frameworks/DiskArbitration.framework/Versions/A/DiskArbitration
0x00007fff55cf6000 	/System/Library/PrivateFrameworks/MultitouchSupport.framework/Versions/A/MultitouchSupport
0x00007fff669e1000 	/usr/lib/libenergytrace.dylib
0x00007fff319df000 	/System/Library/Frameworks/IOKit.framework/Versions/A/IOKit
0x00007fff2ffd3000 	/System/Library/Frameworks/CoreServices.framework/Versions/A/CoreServices
0x00007fff57ea5000 	/System/Library/PrivateFrameworks/PerformanceAnalysis.framework/Versions/A/PerformanceAnalysis
0x00007fff39764000 	/System/Library/Frameworks/OpenGL.framework/Versions/A/OpenGL
0x00007fff2dd5a000 	/System/Library/Frameworks/ColorSync.framework/Versions/A/ColorSync
0x00007fff2f6ef000 	/System/Library/Frameworks/CoreImage.framework/Versions/A/CoreImage
0x00007fff30a46000 	/System/Library/Frameworks/CoreText.framework/Versions/A/CoreText
0x00007fff31b15000 	/System/Library/Frameworks/ImageIO.framework/Versions/A/ImageIO
0x00007fff65f36000 	/usr/lib/libc++.1.dylib
0x00007fff65fb2000 	/usr/lib/libcompression.dylib
0x00007fff65abe000 	/usr/lib/libMobileGestalt.dylib
0x00007fff5f9e0000 	/System/Library/PrivateFrameworks/TextureIO.framework/Versions/A/TextureIO
0x00007fff65db5000 	/usr/lib/libate.dylib
0x00007fff53eb1000 	/System/Library/PrivateFrameworks/InternationalSupport.framework/Versions/A/InternationalSupport
0x00007fff68a4c000 	/usr/lib/system/libcache.dylib
0x00007fff68a52000 	/usr/lib/system/libcommonCrypto.dylib
0x00007fff68a5e000 	/usr/lib/system/libcompiler_rt.dylib
0x00007fff68a66000 	/usr/lib/system/libcopyfile.dylib
0x00007fff68a70000 	/usr/lib/system/libcorecrypto.dylib
0x00007fff68c0f000 	/usr/lib/system/libdispatch.dylib
0x00007fff68c50000 	/usr/lib/system/libdyld.dylib
0x00007fff68c87000 	/usr/lib/system/libkeymgr.dylib
0x00007fff68c95000 	/usr/lib/system/liblaunch.dylib
0x00007fff68c96000 	/usr/lib/system/libmacho.dylib
0x00007fff68c9c000 	/usr/lib/system/libquarantine.dylib
0x00007fff68c9f000 	/usr/lib/system/libremovefile.dylib
0x00007fff68ca1000 	/usr/lib/system/libsystem_asl.dylib
0x00007fff68cb9000 	/usr/lib/system/libsystem_blocks.dylib
0x00007fff68cba000 	/usr/lib/system/libsystem_c.dylib
0x00007fff68d42000 	/usr/lib/system/libsystem_configuration.dylib
0x00007fff68d46000 	/usr/lib/system/libsystem_coreservices.dylib
0x00007fff68d4a000 	/usr/lib/system/libsystem_darwin.dylib
0x00007fff68d53000 	/usr/lib/system/libsystem_dnssd.dylib
0x00007fff68d5b000 	/usr/lib/system/libsystem_featureflags.dylib
0x00007fff68d5d000 	/usr/lib/system/libsystem_info.dylib
0x00007fff68dd8000 	/usr/lib/system/libsystem_m.dylib
0x00007fff68e20000 	/usr/lib/system/libsystem_malloc.dylib
0x00007fff68e48000 	/usr/lib/system/libsystem_networkextension.dylib
0x00007fff68e56000 	/usr/lib/system/libsystem_notify.dylib
0x00007fff68e74000 	/usr/lib/system/libsystem_sandbox.dylib
0x00007fff68e79000 	/usr/lib/system/libsystem_secinit.dylib
0x00007fff68dab000 	/usr/lib/system/libsystem_kernel.dylib
0x00007fff68e60000 	/usr/lib/system/libsystem_platform.dylib
0x00007fff68e69000 	/usr/lib/system/libsystem_pthread.dylib
0x00007fff68e7c000 	/usr/lib/system/libsystem_symptoms.dylib
0x00007fff68e84000 	/usr/lib/system/libsystem_trace.dylib
0x00007fff68e9c000 	/usr/lib/system/libunwind.dylib
0x00007fff68ea2000 	/usr/lib/system/libxpc.dylib
0x00007fff65f89000 	/usr/lib/libc++abi.dylib
0x00007fff66d8d000 	/usr/lib/liblzma.5.dylib
0x00007fff66a08000 	/usr/lib/libfakelink.dylib
0x00007fff65d42000 	/usr/lib/libarchive.2.dylib
0x00007fff3c5e5000 	/System/Library/Frameworks/SystemConfiguration.framework/Versions/A/SystemConfiguration
0x00007fff656ad000 	/usr/lib/libCRFSuite.dylib
0x00007fff2d45e000 	/System/Library/Frameworks/CFNetwork.framework/Versions/A/CFNetwork
0x00007fff65f18000 	/usr/lib/libbsm.0.dylib
0x00007fff68c88000 	/usr/lib/system/libkxld.dylib
0x00007fff42501000 	/System/Library/PrivateFrameworks/AppleFSCompression.framework/Versions/A/AppleFSCompression
0x00007fff662a3000 	/usr/lib/libcoretls.dylib
0x00007fff662ba000 	/usr/lib/libcoretls_cfhelpers.dylib
0x00007fff67af6000 	/usr/lib/libpam.2.dylib
0x00007fff67c2b000 	/usr/lib/libsqlite3.dylib
0x00007fff6806a000 	/usr/lib/libxar.1.dylib
0x00007fff65f29000 	/usr/lib/libbz2.1.0.dylib
0x00007fff66a29000 	/usr/lib/libiconv.2.dylib
0x00007fff65f9f000 	/usr/lib/libcharset.1.dylib
0x00007fff67593000 	/usr/lib/libnetwork.dylib
0x00007fff67afd000 	/usr/lib/libpcap.A.dylib
0x00007fff65cf7000 	/usr/lib/libapple_nghttp2.dylib
0x00007fff3038a000 	/System/Library/Frameworks/CoreServices.framework/Versions/A/Frameworks/FSEvents.framework/Versions/A/FSEvents
0x00007fff3005a000 	/System/Library/Frameworks/CoreServices.framework/Versions/A/Frameworks/CarbonCore.framework/Versions/A/CarbonCore
0x00007fff305ce000 	/System/Library/Frameworks/CoreServices.framework/Versions/A/Frameworks/Metadata.framework/Versions/A/Metadata
0x00007fff30667000 	/System/Library/Frameworks/CoreServices.framework/Versions/A/Frameworks/OSServices.framework/Versions/A/OSServices
0x00007fff30695000 	/System/Library/Frameworks/CoreServices.framework/Versions/A/Frameworks/SearchKit.framework/Versions/A/SearchKit
0x00007fff2ffd4000 	/System/Library/Frameworks/CoreServices.framework/Versions/A/Frameworks/AE.framework/Versions/A/AE
0x00007fff30393000 	/System/Library/Frameworks/CoreServices.framework/Versions/A/Frameworks/LaunchServices.framework/Versions/A/LaunchServices
0x00007fff3033c000 	/System/Library/Frameworks/CoreServices.framework/Versions/A/Frameworks/DictionaryServices.framework/Versions/A/DictionaryServices
0x00007fff306fd000 	/System/Library/Frameworks/CoreServices.framework/Versions/A/Frameworks/SharedFileList.framework/Versions/A/SharedFileList
0x00007fff35584000 	/System/Library/Frameworks/NetFS.framework/Versions/A/NetFS
0x00007fff56226000 	/System/Library/PrivateFrameworks/NetAuth.framework/Versions/A/NetAuth
0x00007fff62b8d000 	/System/Library/PrivateFrameworks/login.framework/Versions/A/Frameworks/loginsupport.framework/Versions/A/loginsupport
0x00007fff5f4ab000 	/System/Library/PrivateFrameworks/TCC.framework/Versions/A/TCC
0x00007fff47126000 	/System/Library/PrivateFrameworks/CoreNLP.framework/Versions/A/CoreNLP
0x00007fff55723000 	/System/Library/PrivateFrameworks/MetadataUtilities.framework/Versions/A/MetadataUtilities
0x00007fff66e65000 	/usr/lib/libmecabra.dylib
0x00007fff66dbd000 	/usr/lib/libmecab.dylib
0x00007fff66a19000 	/usr/lib/libgermantok.dylib
0x00007fff65cde000 	/usr/lib/libThaiTokenizer.dylib
0x00007fff656e4000 	/usr/lib/libChineseTokenizer.dylib
0x00007fff2a88f000 	/System/Library/Frameworks/Accelerate.framework/Versions/A/Frameworks/vImage.framework/Versions/A/vImage
0x00007fff2bcf9000 	/System/Library/Frameworks/Accelerate.framework/Versions/A/Frameworks/vecLib.framework/Versions/A/vecLib
0x00007fff2bc36000 	/System/Library/Frameworks/Accelerate.framework/Versions/A/Frameworks/vecLib.framework/Versions/A/libvMisc.dylib
0x00007fff2ba5e000 	/System/Library/Frameworks/Accelerate.framework/Versions/A/Frameworks/vecLib.framework/Versions/A/libvDSP.dylib
0x00007fff2aee6000 	/System/Library/Frameworks/Accelerate.framework/Versions/A/Frameworks/vecLib.framework/Versions/A/libBLAS.dylib
0x00007fff2b622000 	/System/Library/Frameworks/Accelerate.framework/Versions/A/Frameworks/vecLib.framework/Versions/A/libLAPACK.dylib
0x00007fff2b9be000 	/System/Library/Frameworks/Accelerate.framework/Versions/A/Frameworks/vecLib.framework/Versions/A/libLinearAlgebra.dylib
0x00007fff2ba4b000 	/System/Library/Frameworks/Accelerate.framework/Versions/A/Frameworks/vecLib.framework/Versions/A/libSparseBLAS.dylib
0x00007fff2b9d4000 	/System/Library/Frameworks/Accelerate.framework/Versions/A/Frameworks/vecLib.framework/Versions/A/libQuadrature.dylib
0x00007fff2b14e000 	/System/Library/Frameworks/Accelerate.framework/Versions/A/Frameworks/vecLib.framework/Versions/A/libBNNS.dylib
0x00007fff2b9da000 	/System/Library/Frameworks/Accelerate.framework/Versions/A/Frameworks/vecLib.framework/Versions/A/libSparse.dylib
0x00007fff54299000 	/System/Library/PrivateFrameworks/LanguageModeling.framework/Versions/A/LanguageModeling
0x00007fff46ad6000 	/System/Library/PrivateFrameworks/CoreEmoji.framework/Versions/A/CoreEmoji
0x00007fff543b7000 	/System/Library/PrivateFrameworks/LinguisticData.framework/Versions/A/LinguisticData
0x00007fff54368000 	/System/Library/PrivateFrameworks/Lexicon.framework/Versions/A/Lexicon
0x00007fff65fa0000 	/usr/lib/libcmph.dylib
0x00007fff38172000 	/System/Library/Frameworks/OpenDirectory.framework/Versions/A/Frameworks/CFOpenDirectory.framework/Versions/A/CFOpenDirectory
0x00007fff3818f000 	/System/Library/Frameworks/OpenDirectory.framework/Versions/A/OpenDirectory
0x00007fff405b4000 	/System/Library/PrivateFrameworks/APFS.framework/Versions/A/APFS
0x00007fff3b87e000 	/System/Library/Frameworks/SecurityFoundation.framework/Versions/A/SecurityFoundation
0x00007fff68066000 	/usr/lib/libutil.dylib
0x00007fff4800b000 	/System/Library/PrivateFrameworks/CoreServicesStore.framework/Versions/A/CoreServicesStore
0x00007fff3b935000 	/System/Library/Frameworks/ServiceManagement.framework/Versions/A/ServiceManagement
0x00007fff43cd0000 	/System/Library/PrivateFrameworks/BackgroundTaskManagement.framework/Versions/A/BackgroundTaskManagement
0x00007fff68163000 	/usr/lib/libxslt.1.dylib
0x00007fff42b74000 	/System/Library/PrivateFrameworks/AppleSystemInfo.framework/Versions/A/AppleSystemInfo
0x00007fff31d30000 	/System/Library/Frameworks/ImageIO.framework/Versions/A/Resources/libJPEG.dylib
0x00007fff31fec000 	/System/Library/Frameworks/ImageIO.framework/Versions/A/Resources/libTIFF.dylib
0x00007fff31fcf000 	/System/Library/Frameworks/ImageIO.framework/Versions/A/Resources/libPng.dylib
0x00007fff31c72000 	/System/Library/Frameworks/ImageIO.framework/Versions/A/Resources/libGIF.dylib
0x00007fff31c76000 	/System/Library/Frameworks/ImageIO.framework/Versions/A/Resources/libJP2.dylib
0x00007fff31fea000 	/System/Library/Frameworks/ImageIO.framework/Versions/A/Resources/libRadiance.dylib
0x00007fff669e2000 	/usr/lib/libexpat.1.dylib
0x00007fff4265c000 	/System/Library/PrivateFrameworks/AppleJPEG.framework/Versions/A/AppleJPEG
0x00007fff4b30a000 	/System/Library/PrivateFrameworks/FontServices.framework/libFontParser.dylib
0x00007fff61b92000 	/System/Library/PrivateFrameworks/WatchdogClient.framework/Versions/A/WatchdogClient
0x00007fff538f4000 	/System/Library/PrivateFrameworks/IOAccelerator.framework/Versions/A/IOAccelerator
0x00007fff344fc000 	/System/Library/Frameworks/MetalPerformanceShaders.framework/Versions/A/MetalPerformanceShaders
0x00007fff5008b000 	/System/Library/PrivateFrameworks/GPUWrangler.framework/Versions/A/GPUWrangler
0x00007fff53909000 	/System/Library/PrivateFrameworks/IOPresentment.framework/Versions/A/IOPresentment
0x00007fff48b88000 	/System/Library/PrivateFrameworks/DSExternalDisplay.framework/Versions/A/DSExternalDisplay
0x00007fff38b03000 	/System/Library/Frameworks/OpenGL.framework/Versions/A/Libraries/libCoreFSCache.dylib
0x00007fff34248000 	/System/Library/Frameworks/MetalPerformanceShaders.framework/Frameworks/MPSCore.framework/Versions/A/MPSCore
0x00007fff34286000 	/System/Library/Frameworks/MetalPerformanceShaders.framework/Frameworks/MPSImage.framework/Versions/A/MPSImage
0x00007fff3434d000 	/System/Library/Frameworks/MetalPerformanceShaders.framework/Frameworks/MPSNeuralNetwork.framework/Versions/A/MPSNeuralNetwork
0x00007fff34311000 	/System/Library/Frameworks/MetalPerformanceShaders.framework/Frameworks/MPSMatrix.framework/Versions/A/MPSMatrix
0x00007fff344ac000 	/System/Library/Frameworks/MetalPerformanceShaders.framework/Frameworks/MPSRayIntersector.framework/Versions/A/MPSRayIntersector
0x00007fff34337000 	/System/Library/Frameworks/MetalPerformanceShaders.framework/Frameworks/MPSNDArray.framework/Versions/A/MPSNDArray
0x00007fff55770000 	/System/Library/PrivateFrameworks/MetalTools.framework/Versions/A/MetalTools
0x00007fff41789000 	/System/Library/PrivateFrameworks/AggregateDictionary.framework/Versions/A/AggregateDictionary
0x00007fff46520000 	/System/Library/PrivateFrameworks/CoreAnalytics.framework/Versions/A/CoreAnalytics
0x00007fff42a93000 	/System/Library/PrivateFrameworks/AppleSauce.framework/Versions/A/AppleSauce
0x00007fff659a0000 	/usr/lib/libIOReport.dylib
0x00007fff30bfe000 	/System/Library/Frameworks/CoreVideo.framework/Versions/A/CoreVideo
0x00007fff51505000 	/System/Library/PrivateFrameworks/GraphVisualizer.framework/Versions/A/GraphVisualizer
0x00007fff4a851000 	/System/Library/PrivateFrameworks/FaceCore.framework/Versions/A/FaceCore
0x00007fff38119000 	/System/Library/Frameworks/OpenCL.framework/Versions/A/OpenCL
0x00007fff657c2000 	/usr/lib/libFosl_dynamic.dylib
0x00007fff56c46000 	/System/Library/PrivateFrameworks/OTSVG.framework/Versions/A/OTSVG
0x00007fff2cdb8000 	/System/Library/Frameworks/ApplicationServices.framework/Versions/A/Frameworks/ATS.framework/Versions/A/Resources/libFontRegistry.dylib
0x00007fff4b4dc000 	/System/Library/PrivateFrameworks/FontServices.framework/libhvf.dylib
0x00007fff38b0e000 	/System/Library/Frameworks/OpenGL.framework/Versions/A/Libraries/libGFXShared.dylib
0x00007fff38cec000 	/System/Library/Frameworks/OpenGL.framework/Versions/A/Libraries/libGLU.dylib
0x00007fff38b17000 	/System/Library/Frameworks/OpenGL.framework/Versions/A/Libraries/libGL.dylib
0x00007fff38b22000 	/System/Library/Frameworks/OpenGL.framework/Versions/A/Libraries/libGLImage.dylib
0x00007fff38b00000 	/System/Library/Frameworks/OpenGL.framework/Versions/A/Libraries/libCVMSPluginSupport.dylib
0x00007fff38b09000 	/System/Library/Frameworks/OpenGL.framework/Versions/A/Libraries/libCoreVMClient.dylib
0x00007fff67434000 	/usr/lib/libncurses.5.4.dylib
0x00007fff2ccb4000 	/System/Library/Frameworks/ApplicationServices.framework/Versions/A/Frameworks/ATS.framework/Versions/A/ATS
0x00007fff2ce81000 	/System/Library/Frameworks/ApplicationServices.framework/Versions/A/Frameworks/ColorSyncLegacy.framework/Versions/A/ColorSyncLegacy
0x00007fff2cf1f000 	/System/Library/Frameworks/ApplicationServices.framework/Versions/A/Frameworks/HIServices.framework/Versions/A/HIServices
0x00007fff2cf77000 	/System/Library/Frameworks/ApplicationServices.framework/Versions/A/Frameworks/LangAnalysis.framework/Versions/A/LangAnalysis
0x00007fff2cf86000 	/System/Library/Frameworks/ApplicationServices.framework/Versions/A/Frameworks/PrintCore.framework/Versions/A/PrintCore
0x00007fff2cfcc000 	/System/Library/Frameworks/ApplicationServices.framework/Versions/A/Frameworks/QD.framework/Versions/A/QD
0x00007fff2cfd7000 	/System/Library/Frameworks/ApplicationServices.framework/Versions/A/Frameworks/SpeechSynthesis.framework/Versions/A/SpeechSynthesis
0x00007fff2ce51000 	/System/Library/Frameworks/ApplicationServices.framework/Versions/A/Frameworks/ATSUI.framework/Versions/A/ATSUI
0x00007fff66878000 	/usr/lib/libcups.2.dylib
0x00007fff33597000 	/System/Library/Frameworks/Kerberos.framework/Versions/A/Kerberos
0x00007fff316d8000 	/System/Library/Frameworks/GSS.framework/Versions/A/GSS
0x00007fff67bb7000 	/usr/lib/libresolv.9.dylib
0x00007fff516b2000 	/System/Library/PrivateFrameworks/Heimdal.framework/Versions/A/Heimdal
0x00007fff335aa000 	/System/Library/Frameworks/Kerberos.framework/Versions/A/Libraries/libHeimdalProxy.dylib
0x00007fff66a1f000 	/usr/lib/libheimdal-asn1.dylib
0x00007fff459bb000 	/System/Library/PrivateFrameworks/CommonAuth.framework/Versions/A/CommonAuth
0x00007fff42c11000 	/System/Library/PrivateFrameworks/AssertionServices.framework/Versions/A/AssertionServices
0x00007fff437b3000 	/System/Library/PrivateFrameworks/AudioToolboxCore.framework/Versions/A/AudioToolboxCore
0x00007fff6283d000 	/System/Library/PrivateFrameworks/caulk.framework/Versions/A/caulk
0x00007fff43d7c000 	/System/Library/PrivateFrameworks/BaseBoard.framework/Versions/A/BaseBoard
0x00007fff5ae9d000 	/System/Library/PrivateFrameworks/RunningBoardServices.framework/Versions/A/RunningBoardServices
0x00007fff57eb1000 	/System/Library/PrivateFrameworks/PersistentConnection.framework/Versions/A/PersistentConnection
0x00007fff5a897000 	/System/Library/PrivateFrameworks/ProtocolBuffer.framework/Versions/A/ProtocolBuffer
0x00007fff459df000 	/System/Library/PrivateFrameworks/CommonUtilities.framework/Versions/A/CommonUtilities
0x00007fff43f0a000 	/System/Library/PrivateFrameworks/Bom.framework/Versions/A/Bom
0x00007fff65673000 	/usr/lib/libAudioToolboxUtility.dylib
0x00007fff43cda000 	/System/Library/PrivateFrameworks/Backup.framework/Versions/A/Backup
0x00007fff48aa9000 	/System/Library/PrivateFrameworks/CrashReporterSupport.framework/Versions/A/CrashReporterSupport
0x00007fff5c92e000 	/System/Library/PrivateFrameworks/Sharing.framework/Versions/A/Sharing
0x00007fff4221f000 	/System/Library/PrivateFrameworks/Apple80211.framework/Versions/A/Apple80211
0x00007fff439f7000 	/System/Library/PrivateFrameworks/AuthKit.framework/Versions/A/AuthKit
0x00007fff487b9000 	/System/Library/PrivateFrameworks/CoreUtils.framework/Versions/A/CoreUtils
0x00007fff30c43000 	/System/Library/Frameworks/CoreWLAN.framework/Versions/A/CoreWLAN
0x00007fff31865000 	/System/Library/Frameworks/IOBluetooth.framework/Versions/A/IOBluetooth
0x00007fff55a75000 	/System/Library/PrivateFrameworks/MobileKeyBag.framework/Versions/A/MobileKeyBag
0x00007fff475be000 	/System/Library/PrivateFrameworks/CorePhoneNumbers.framework/Versions/A/CorePhoneNumbers
0x00007fff4260f000 	/System/Library/PrivateFrameworks/AppleIDAuthSupport.framework/Versions/A/AppleIDAuthSupport
0x00007fff35591000 	/System/Library/Frameworks/Network.framework/Versions/A/Network
0x00007fff54145000 	/System/Library/PrivateFrameworks/KeychainCircle.framework/Versions/A/KeychainCircle
0x00007fff2e697000 	/System/Library/Frameworks/CoreBluetooth.framework/Versions/A/CoreBluetooth
0x00007fff5e9ab000 	/System/Library/PrivateFrameworks/SpeechRecognitionCore.framework/Versions/A/SpeechRecognitionCore
0x000000010c400000 	/Library/Java/JavaVirtualMachines/jdk1.8.0_181.jdk/Contents/Home/jre/lib/server/libjvm.dylib
0x00007fff67f39000 	/usr/lib/libstdc++.6.dylib
0x000000010ba94000 	/Library/Java/JavaVirtualMachines/jdk1.8.0_181.jdk/Contents/Home/jre/lib/libverify.dylib
0x000000010baa2000 	/Library/Java/JavaVirtualMachines/jdk1.8.0_181.jdk/Contents/Home/jre/lib/libjava.dylib
0x000000010bad9000 	/Library/Java/JavaVirtualMachines/jdk1.8.0_181.jdk/Contents/Home/jre/lib/libjdwp.dylib
0x000000010bb24000 	/Library/Java/JavaVirtualMachines/jdk1.8.0_181.jdk/Contents/Home/jre/lib/libnpt.dylib
0x000000010bb28000 	/Library/Java/JavaVirtualMachines/jdk1.8.0_181.jdk/Contents/Home/jre/lib/libinstrument.dylib
0x000000010bb94000 	/Library/Java/JavaVirtualMachines/jdk1.8.0_181.jdk/Contents/Home/jre/lib/libzip.dylib
0x000000010bbd5000 	/Library/Java/JavaVirtualMachines/jdk1.8.0_181.jdk/Contents/Home/jre/lib/libdt_socket.dylib
0x000000012391e000 	/Library/Java/JavaVirtualMachines/jdk1.8.0_181.jdk/Contents/Home/jre/lib/libnet.dylib

VM Arguments:
jvm_args: -agentlib:jdwp=transport=dt_socket,suspend=y,address=localhost:51557 -ea -javaagent:/Applications/Eclipse.app/Contents/Eclipse/configuration/org.eclipse.osgi/231/0/.cp/lib/javaagent-shaded.jar -Dfile.encoding=UTF-8 
java_command: org.eclipse.jdt.internal.junit.runner.RemoteTestRunner -version 3 -port 51556 -testLoaderClass org.eclipse.jdt.internal.junit5.runner.JUnit5TestLoader -loaderpluginname org.eclipse.jdt.junit5.runtime -classNames persistencia.PersistenciaTest
java_class_path (initial): /Users/noe/git/repository/MartinezRojo-Noelia-arso-laboratorio-Usuarios/target/test-classes:/Users/noe/git/repository/MartinezRojo-Noelia-arso-laboratorio-Usuarios/target/classes:/Users/noe/.m2/repository/javax/xml/bind/jaxb-api/2.1/jaxb-api-2.1.jar:/Users/noe/.m2/repository/javax/xml/stream/stax-api/1.0-2/stax-api-1.0-2.jar:/Users/noe/.m2/repository/javax/activation/activation/1.1/activation-1.1.jar:/Users/noe/.m2/repository/org/junit/jupiter/junit-jupiter-engine/5.5.2/junit-jupiter-engine-5.5.2.jar:/Users/noe/.m2/repository/org/apiguardian/apiguardian-api/1.1.0/apiguardian-api-1.1.0.jar:/Users/noe/.m2/repository/org/junit/platform/junit-platform-engine/1.5.2/junit-platform-engine-1.5.2.jar:/Users/noe/.m2/repository/org/opentest4j/opentest4j/1.2.0/opentest4j-1.2.0.jar:/Users/noe/.m2/repository/org/junit/platform/junit-platform-commons/1.5.2/junit-platform-commons-1.5.2.jar:/Users/noe/.m2/repository/org/junit/jupiter/junit-jupiter-api/5.5.2/junit-jupiter-api-5.5.2.jar:/Users/noe/.m2/repository/org/junit/platform/junit-platform-runner/1.5.2/junit-platform-runner-1.5.2.jar:/Users/noe/.m2/repository/junit/junit/4.12/junit-4.12.jar:/Users/noe/.m2/repository/org/hamcrest/hamcrest-core/1.3/hamcrest-core-1.3.jar:/Users/noe/.m2/repository/org/junit/platform/junit-platform-launcher/1.5.2/junit-platform-launcher-1.5.2.jar:/Users/noe/.m2/repository/org/junit/platform/junit-platform-suite-api/1.5.2/junit-platform-suite-api-1.5.2.jar:/Users/noe/.m2/repository/com/sun/jersey/jersey-client/1.19.4/jersey-client-1.19.4.jar:/Users/noe/.m2/repository/com/sun/jersey/jersey-core/1.19.4/jersey-core-1.19.4.jar:/Users/noe/.m2/repository/javax/ws/rs/jsr311-api/1.1.1/jsr311-api-1.1.1.jar:/Users/noe/.m2/repository/com/sun/jersey/jersey-servlet/1.19.4/jersey-servlet-1.19.4.jar:/Users/noe/.m2/repository/com/sun/jersey/jersey-server/1.19.4/jersey-server-1.19.4.jar:/Users/noe/.m2/repository/javax/servlet/servlet-api/2.5/servlet-api-2.5.jar:/Users/noe/.m2/repository/io
Launcher Type: SUN_STANDARD

Environment Variables:
PATH=/usr/bin:/bin:/usr/sbin:/sbin
SHELL=/bin/bash
DISPLAY=/private/tmp/com.apple.launchd.ZKPrVjx7qw/org.macosforge.xquartz:0

Signal Handlers:
SIGSEGV: [libjvm.dylib+0x5b6029], sa_mask[0]=11111111011111110111111111111111, sa_flags=SA_ONSTACK|SA_RESTART|SA_SIGINFO
SIGBUS: [libjvm.dylib+0x5b6029], sa_mask[0]=11111111011111110111111111111111, sa_flags=SA_RESTART|SA_SIGINFO
SIGFPE: [libjvm.dylib+0x48b934], sa_mask[0]=11111111011111110111111111111111, sa_flags=SA_RESTART|SA_SIGINFO
SIGPIPE: [libjvm.dylib+0x48b934], sa_mask[0]=11111111011111110111111111111111, sa_flags=SA_RESTART|SA_SIGINFO
SIGXFSZ: [libjvm.dylib+0x48b934], sa_mask[0]=11111111011111110111111111111111, sa_flags=SA_RESTART|SA_SIGINFO
SIGILL: [libjvm.dylib+0x48b934], sa_mask[0]=11111111011111110111111111111111, sa_flags=SA_RESTART|SA_SIGINFO
SIGUSR1: SIG_DFL, sa_mask[0]=00000000000000000000000000000000, sa_flags=none
SIGUSR2: [libjvm.dylib+0x48b452], sa_mask[0]=00100000000000000000000000000000, sa_flags=SA_RESTART|SA_SIGINFO
SIGHUP: [libjvm.dylib+0x489a1d], sa_mask[0]=11111111011111110111111111111111, sa_flags=SA_RESTART|SA_SIGINFO
SIGINT: [libjvm.dylib+0x489a1d], sa_mask[0]=11111111011111110111111111111111, sa_flags=SA_RESTART|SA_SIGINFO
SIGTERM: [libjvm.dylib+0x489a1d], sa_mask[0]=11111111011111110111111111111111, sa_flags=SA_RESTART|SA_SIGINFO
SIGQUIT: [libjvm.dylib+0x489a1d], sa_mask[0]=11111111011111110111111111111111, sa_flags=SA_RESTART|SA_SIGINFO


---------------  S Y S T E M  ---------------

OS:Bsduname:Darwin 19.5.0 Darwin Kernel Version 19.5.0: Tue May 26 20:41:44 PDT 2020; root:xnu-6153.121.2~2/RELEASE_X86_64 x86_64
rlimit: STACK 8192k, CORE 0k, NPROC 1392, NOFILE 10240, AS infinity
load average:1.08 1.34 1.49

CPU:total 4 (initial active 4) (2 cores per cpu, 2 threads per core) family 6 model 61 stepping 4, cmov, cx8, fxsr, mmx, sse, sse2, sse3, ssse3, sse4.1, sse4.2, popcnt, avx, avx2, aes, clmul, erms, 3dnowpref, lzcnt, ht, tsc, tscinvbit, bmi1, bmi2, adx

Memory: 4k page, physical 8388608k(1507060k free)

/proc/meminfo:


vm_info: Java HotSpot(TM) 64-Bit Server VM (25.181-b13) for bsd-amd64 JRE (1.8.0_181-b13), built on Jul  7 2018 01:02:31 by "java_re" with gcc 4.2.1 (Based on Apple Inc. build 5658) (LLVM build 2336.11.00)

time: Mon Jun 22 18:29:37 2020
elapsed time: 322 seconds (0d 0h 5m 22s)

